Arguments: 
  /usr/local/Cellar/node/11.7.0/bin/node /usr/local/Cellar/yarn/1.13.0/libexec/bin/yarn.js add @google-cloud/compute

PATH: 
  /usr/local/opt/openssl/bin:/Users/takehiko/bin:/Users/takehiko/google-cloud-sdk/bin:/Users/takehiko/.rbenv/shims:/usr/local/bin:/usr/bin:/bin:/usr/sbin:/sbin:/usr/local/Cellar/mysql@5.7/5.7.22/bin:/Users/takehiko/Library/Android/sdk/platform-tools:/Users/takehiko/go/bin

Yarn version: 
  1.13.0

Node version: 
  11.7.0

Platform: 
  darwin x64

Trace: 
  SyntaxError: /Users/takehiko/git/imarket/imarket/function/package.json: Unexpected end of JSON input
      at JSON.parse (<anonymous>)
      at /usr/local/Cellar/yarn/1.13.0/libexec/lib/cli.js:1625:59
      at Generator.next (<anonymous>)
      at step (/usr/local/Cellar/yarn/1.13.0/libexec/lib/cli.js:304:30)
      at /usr/local/Cellar/yarn/1.13.0/libexec/lib/cli.js:315:13

npm manifest: 
  

yarn manifest: 
  No manifest

Lockfile: 
  No lockfile
